<?xml version="1.0" encoding="UTF-8"?>
<!-- Generated by org.testng.reporters.JUnitXMLReporter -->
<testsuite ignored="0" hostname="DESKTOP-OI1AHPK" failures="0" tests="4" name="Default test" time="17.907" errors="0" timestamp="2024-06-13T11:28:37 IST">
  <testcase classname="scenario2PageObjectModel.TestCase.AdminTest" name="verifymenu" time="1.898"/>
  <testcase classname="scenario2PageObjectModel.TestCase.AdminTest" name="verifySearchByUserName" time="3.33"/>
  <testcase classname="scenario2PageObjectModel.TestCase.AdminTest" name="verifySearchByUserRole" time="2.345"/>
  <testcase classname="scenario2PageObjectModel.TestCase.AdminTest" name="verifySearchByUserStatus" time="0.843"/>
</testsuite> <!-- Default test -->
