<?xml version="1.0" encoding="UTF-8"?>
<!-- Generated by org.testng.reporters.JUnitXMLReporter -->
<testsuite ignored="0" hostname="DESKTOP-OI1AHPK" failures="0" tests="3" name="Test" time="9.781" errors="0" timestamp="2024-01-19T15:42:30 IST">
  <testcase classname="scenario2PageObjectModel.TestCase.LoginTest" name="verifyUrl" time="0.015"/>
  <testcase classname="scenario2PageObjectModel.TestCase.LoginTest" name="verifyTitle" time="0.018"/>
  <testcase classname="scenario2PageObjectModel.TestCase.LoginTest" name="verifyLogin" time="2.107"/>
</testsuite> <!-- Test -->
